<?xml version="1.0" encoding="utf-8"?><testsuites name="pytest tests"><testsuite name="pytest" errors="0" failures="0" skipped="0" tests="19" time="2.113" timestamp="2026-02-13T01:37:44.207100+00:00" hostname="agent-env-e4ab9bed-cbba-49b0-9204-8a28fec5e5c0"><testcase classname="backend.tests.test_ops_suppliers_clients.TestOpsAuthentication" name="test_ops_login_success" time="0.308" /><testcase classname="backend.tests.test_ops_suppliers_clients.TestOpsAuthentication" name="test_ops_login_invalid_credentials" time="0.040" /><testcase classname="backend.tests.test_ops_suppliers_clients.TestOpsSuppliers" name="test_list_suppliers" time="0.078" /><testcase classname="backend.tests.test_ops_suppliers_clients.TestOpsSuppliers" name="test_list_suppliers_filter_by_type" time="0.074" /><testcase classname="backend.tests.test_ops_suppliers_clients.TestOpsSuppliers" name="test_create_supplier" time="0.078" /><testcase classname="backend.tests.test_ops_suppliers_clients.TestOpsSuppliers" name="test_get_supplier_detail" time="0.121" /><testcase classname="backend.tests.test_ops_suppliers_clients.TestOpsSuppliers" name="test_get_supplier_not_found" time="0.084" /><testcase classname="backend.tests.test_ops_suppliers_clients.TestOpsSuppliers" name="test_add_document_to_supplier" time="0.120" /><testcase classname="backend.tests.test_ops_suppliers_clients.TestOpsSuppliers" name="test_add_audit_to_supplier" time="0.123" /><testcase classname="backend.tests.test_ops_suppliers_clients.TestOpsSuppliers" name="test_sign_supplier_contract" time="0.113" /><testcase classname="backend.tests.test_ops_suppliers_clients.TestOpsClients" name="test_list_clients" time="0.074" /><testcase classname="backend.tests.test_ops_suppliers_clients.TestOpsClients" name="test_list_clients_filter_by_industry" time="0.074" /><testcase classname="backend.tests.test_ops_suppliers_clients.TestOpsClients" name="test_create_client" time="0.129" /><testcase classname="backend.tests.test_ops_suppliers_clients.TestOpsClients" name="test_get_client_detail" time="0.110" /><testcase classname="backend.tests.test_ops_suppliers_clients.TestOpsClients" name="test_get_client_not_found" time="0.077" /><testcase classname="backend.tests.test_ops_suppliers_clients.TestOpsClients" name="test_add_document_to_client" time="0.116" /><testcase classname="backend.tests.test_ops_suppliers_clients.TestOpsClients" name="test_sign_client_contract" time="0.120" /><testcase classname="backend.tests.test_ops_suppliers_clients.TestOpsAuthRequired" name="test_suppliers_requires_auth" time="0.036" /><testcase classname="backend.tests.test_ops_suppliers_clients.TestOpsAuthRequired" name="test_clients_requires_auth" time="0.036" /></testsuite></testsuites>