<?xml version="1.0" encoding="utf-8"?><testsuites name="pytest tests"><testsuite name="pytest" errors="0" failures="0" skipped="0" tests="18" time="6.469" timestamp="2026-02-19T04:04:23.118979+00:00" hostname="agent-env-f583bead-a7c8-4a30-b6c3-bb0def22a712"><testcase classname="backend.tests.test_ops_contracts_tariffs.TestOpsAuthentication" name="test_ops_login_success" time="0.223" /><testcase classname="backend.tests.test_ops_contracts_tariffs.TestOpsAuthentication" name="test_ops_login_invalid" time="0.114" /><testcase classname="backend.tests.test_ops_contracts_tariffs.TestOpsPricingRoutes" name="test_get_routes" time="0.221" /><testcase classname="backend.tests.test_ops_contracts_tariffs.TestOpsPricingRoutes" name="test_get_origins" time="0.235" /><testcase classname="backend.tests.test_ops_contracts_tariffs.TestOpsPricingRoutes" name="test_get_destinations" time="0.229" /><testcase classname="backend.tests.test_ops_contracts_tariffs.TestOpsPricingRoutes" name="test_get_services" time="0.298" /><testcase classname="backend.tests.test_ops_contracts_tariffs.TestOpsPricingRoutes" name="test_routes_have_required_fields" time="0.245" /><testcase classname="backend.tests.test_ops_contracts_tariffs.TestOpsPreapprovedTariffs" name="test_get_tariffs_initially_empty" time="0.240" /><testcase classname="backend.tests.test_ops_contracts_tariffs.TestOpsPreapprovedTariffs" name="test_create_tariff" time="0.378" /><testcase classname="backend.tests.test_ops_contracts_tariffs.TestOpsPreapprovedTariffs" name="test_get_tariff_by_id" time="0.534" /><testcase classname="backend.tests.test_ops_contracts_tariffs.TestOpsPreapprovedTariffs" name="test_update_tariff" time="0.383" /><testcase classname="backend.tests.test_ops_contracts_tariffs.TestOpsPreapprovedTariffs" name="test_delete_tariff" time="0.456" /><testcase classname="backend.tests.test_ops_contracts_tariffs.TestOpsContracts" name="test_get_quotes_empty" time="0.245" /><testcase classname="backend.tests.test_ops_contracts_tariffs.TestOpsContracts" name="test_create_contract_with_tariffs" time="0.457" /><testcase classname="backend.tests.test_ops_contracts_tariffs.TestOpsContracts" name="test_get_contract_appears_in_list" time="0.577" /><testcase classname="backend.tests.test_ops_contracts_tariffs.TestOpsContracts" name="test_get_contract_by_id" time="0.374" /><testcase classname="backend.tests.test_ops_contracts_tariffs.TestOpsContracts" name="test_update_contract_status" time="0.380" /><testcase classname="backend.tests.test_ops_contracts_tariffs.TestEndToEndFlow" name="test_complete_contract_creation_flow" time="0.666" /></testsuite></testsuites>