<?xml version="1.0" encoding="utf-8"?><testsuites name="pytest tests"><testsuite name="pytest" errors="0" failures="1" skipped="0" tests="14" time="0.799" timestamp="2026-02-10T02:55:42.180670+00:00" hostname="agent-env-3f03c643-f615-46d3-94c2-59adc56ec776"><testcase classname="backend.tests.test_new_features.TestTransitRoutes" name="test_get_transit_routes_success" time="0.097" /><testcase classname="backend.tests.test_new_features.TestRestockPredictions" name="test_get_restock_predictions_success" time="0.017" /><testcase classname="backend.tests.test_new_features.TestRestockTimeline" name="test_get_restock_timeline_success" time="0.015" /><testcase classname="backend.tests.test_new_features.TestEndClientsList" name="test_get_end_clients_list_success" time="0.052" /><testcase classname="backend.tests.test_new_features.TestEndClientInventory" name="test_get_walmart_inventory_success" time="0.038" /><testcase classname="backend.tests.test_new_features.TestEndClientInventory" name="test_get_costco_inventory_success" time="0.024" /><testcase classname="backend.tests.test_new_features.TestEndClientInventory" name="test_get_heb_inventory_success" time="0.026" /><testcase classname="backend.tests.test_new_features.TestEndClientInventory" name="test_get_invalid_client_returns_404" time="0.010" /><testcase classname="backend.tests.test_new_features.TestEndClientsOverview" name="test_get_end_clients_overview_success" time="0.068" /><testcase classname="backend.tests.test_new_features.TestAppointmentsCreate" name="test_create_appointment_success" time="0.051" /><testcase classname="backend.tests.test_new_features.TestProductsCreate" name="test_create_product_success" time="0.040"><failure message="AssertionError: Expected 200, got 520: Internal Server Error&#10;assert 520 == 200&#10; +  where 520 = &lt;Response [520]&gt;.status_code">backend/tests/test_new_features.py:316: in test_create_product_success
    assert response.status_code == 200, f"Expected 200, got {response.status_code}: {response.text}"
E   AssertionError: Expected 200, got 520: Internal Server Error
E   assert 520 == 200
E    +  where 520 = &lt;Response [520]&gt;.status_code</failure></testcase><testcase classname="backend.tests.test_new_features.TestExistingEndpoints" name="test_inventory_endpoint" time="0.012" /><testcase classname="backend.tests.test_new_features.TestExistingEndpoints" name="test_containers_endpoint" time="0.011" /><testcase classname="backend.tests.test_new_features.TestExistingEndpoints" name="test_dashboard_endpoint" time="0.051" /></testsuite></testsuites>