<?xml version="1.0" encoding="utf-8"?><testsuites name="pytest tests"><testsuite name="pytest" errors="0" failures="0" skipped="0" tests="14" time="0.439" timestamp="2026-02-10T02:56:26.719498+00:00" hostname="agent-env-3f03c643-f615-46d3-94c2-59adc56ec776"><testcase classname="backend.tests.test_new_features.TestTransitRoutes" name="test_get_transit_routes_success" time="0.086" /><testcase classname="backend.tests.test_new_features.TestRestockPredictions" name="test_get_restock_predictions_success" time="0.018" /><testcase classname="backend.tests.test_new_features.TestRestockTimeline" name="test_get_restock_timeline_success" time="0.019" /><testcase classname="backend.tests.test_new_features.TestEndClientsList" name="test_get_end_clients_list_success" time="0.013" /><testcase classname="backend.tests.test_new_features.TestEndClientInventory" name="test_get_walmart_inventory_success" time="0.042" /><testcase classname="backend.tests.test_new_features.TestEndClientInventory" name="test_get_costco_inventory_success" time="0.025" /><testcase classname="backend.tests.test_new_features.TestEndClientInventory" name="test_get_heb_inventory_success" time="0.025" /><testcase classname="backend.tests.test_new_features.TestEndClientInventory" name="test_get_invalid_client_returns_404" time="0.020" /><testcase classname="backend.tests.test_new_features.TestEndClientsOverview" name="test_get_end_clients_overview_success" time="0.033" /><testcase classname="backend.tests.test_new_features.TestAppointmentsCreate" name="test_create_appointment_success" time="0.012" /><testcase classname="backend.tests.test_new_features.TestProductsCreate" name="test_create_product_success" time="0.011" /><testcase classname="backend.tests.test_new_features.TestExistingEndpoints" name="test_inventory_endpoint" time="0.012" /><testcase classname="backend.tests.test_new_features.TestExistingEndpoints" name="test_containers_endpoint" time="0.011" /><testcase classname="backend.tests.test_new_features.TestExistingEndpoints" name="test_dashboard_endpoint" time="0.056" /></testsuite></testsuites>