<?xml version="1.0" encoding="utf-8"?><testsuites name="pytest tests"><testsuite name="pytest" errors="0" failures="0" skipped="0" tests="22" time="0.612" timestamp="2026-02-12T03:00:18.217640+00:00" hostname="agent-env-76d9599b-76f0-4c2f-b250-6095a5e93690"><testcase classname="backend.tests.test_yard_management.TestYardLayout" name="test_get_yard_layout_returns_200" time="0.052" /><testcase classname="backend.tests.test_yard_management.TestYardLayout" name="test_yard_layout_structure" time="0.008" /><testcase classname="backend.tests.test_yard_management.TestYardLayout" name="test_yard_cells_have_correct_structure" time="0.007" /><testcase classname="backend.tests.test_yard_management.TestYardLayout" name="test_yard_containers_have_correct_structure" time="0.008" /><testcase classname="backend.tests.test_yard_management.TestYardStats" name="test_get_yard_stats_returns_200" time="0.007" /><testcase classname="backend.tests.test_yard_management.TestYardStats" name="test_yard_stats_structure" time="0.006" /><testcase classname="backend.tests.test_yard_management.TestYardStats" name="test_yard_stats_departures_structure" time="0.008" /><testcase classname="backend.tests.test_yard_management.TestYardSearch" name="test_search_existing_container" time="0.053" /><testcase classname="backend.tests.test_yard_management.TestYardSearch" name="test_search_nonexistent_container" time="0.007" /><testcase classname="backend.tests.test_yard_management.TestYardSearch" name="test_search_response_position_structure" time="0.012" /><testcase classname="backend.tests.test_yard_management.TestOptimizeRetrieval" name="test_optimize_retrieval_returns_200" time="0.055" /><testcase classname="backend.tests.test_yard_management.TestOptimizeRetrieval" name="test_optimize_retrieval_response_structure" time="0.013" /><testcase classname="backend.tests.test_yard_management.TestOptimizeRetrieval" name="test_optimize_retrieval_with_containers_above" time="0.053" /><testcase classname="backend.tests.test_yard_management.TestOptimizeRetrieval" name="test_optimize_retrieval_nonexistent_container" time="0.047" /><testcase classname="backend.tests.test_yard_management.TestContainersByDeparture" name="test_get_containers_by_departure_returns_200" time="0.007" /><testcase classname="backend.tests.test_yard_management.TestContainersByDeparture" name="test_containers_by_departure_structure" time="0.007" /><testcase classname="backend.tests.test_yard_management.TestContainersByDeparture" name="test_containers_sorted_by_departure" time="0.007" /><testcase classname="backend.tests.test_yard_management.TestYardReset" name="test_reset_yard_returns_200" time="0.046" /><testcase classname="backend.tests.test_yard_management.TestYardReset" name="test_reset_yard_regenerates_data" time="0.026" /><testcase classname="backend.tests.test_yard_management.TestAuthRequired" name="test_yard_layout_requires_auth" time="0.032" /><testcase classname="backend.tests.test_yard_management.TestAuthRequired" name="test_yard_stats_requires_auth" time="0.030" /><testcase classname="backend.tests.test_yard_management.TestAuthRequired" name="test_yard_search_requires_auth" time="0.037" /></testsuite></testsuites>