<?xml version="1.0" encoding="utf-8"?><testsuites name="pytest tests"><testsuite name="pytest" errors="0" failures="2" skipped="0" tests="22" time="0.723" timestamp="2026-02-12T02:59:57.874783+00:00" hostname="agent-env-76d9599b-76f0-4c2f-b250-6095a5e93690"><testcase classname="backend.tests.test_yard_management.TestYardLayout" name="test_get_yard_layout_returns_200" time="0.093" /><testcase classname="backend.tests.test_yard_management.TestYardLayout" name="test_yard_layout_structure" time="0.011" /><testcase classname="backend.tests.test_yard_management.TestYardLayout" name="test_yard_cells_have_correct_structure" time="0.011" /><testcase classname="backend.tests.test_yard_management.TestYardLayout" name="test_yard_containers_have_correct_structure" time="0.009" /><testcase classname="backend.tests.test_yard_management.TestYardStats" name="test_get_yard_stats_returns_200" time="0.008" /><testcase classname="backend.tests.test_yard_management.TestYardStats" name="test_yard_stats_structure" time="0.007" /><testcase classname="backend.tests.test_yard_management.TestYardStats" name="test_yard_stats_departures_structure" time="0.010" /><testcase classname="backend.tests.test_yard_management.TestYardSearch" name="test_search_existing_container" time="0.057" /><testcase classname="backend.tests.test_yard_management.TestYardSearch" name="test_search_nonexistent_container" time="0.010" /><testcase classname="backend.tests.test_yard_management.TestYardSearch" name="test_search_response_position_structure" time="0.056" /><testcase classname="backend.tests.test_yard_management.TestOptimizeRetrieval" name="test_optimize_retrieval_returns_200" time="0.060" /><testcase classname="backend.tests.test_yard_management.TestOptimizeRetrieval" name="test_optimize_retrieval_response_structure" time="0.019" /><testcase classname="backend.tests.test_yard_management.TestOptimizeRetrieval" name="test_optimize_retrieval_with_containers_above" time="0.014" /><testcase classname="backend.tests.test_yard_management.TestOptimizeRetrieval" name="test_optimize_retrieval_nonexistent_container" time="0.047" /><testcase classname="backend.tests.test_yard_management.TestContainersByDeparture" name="test_get_containers_by_departure_returns_200" time="0.009" /><testcase classname="backend.tests.test_yard_management.TestContainersByDeparture" name="test_containers_by_departure_structure" time="0.011"><failure message="AssertionError: Response should be a list&#10;assert False&#10; +  where False = isinstance({'containers': [{'client_name': 'Beam Suntory', 'container_number': 'CSQU0553319', 'containers_above': 3, 'destination': 'Costco Norte', ...}, {'client_name': 'Campari Group', 'container_number': 'MSKU7822070', 'containers_above': 0, 'destination': 'Walmart Centro', ...}, {'client_name': 'Pernod Ricard', 'container_number': 'CMAU2455812', 'containers_above': 0, 'destination': 'HEB Noreste', ...}, {'client_name': 'Beam Suntory', 'container_number': 'EGLV9047225', 'containers_above': 1, 'destination': 'CEDIS MTY', ...}, {'client_name': 'Brown-Forman', 'container_number': 'EGLV4522440', 'containers_above': 0, 'destination': 'Costco Norte', ...}, {'client_name': 'Brown-Forman', 'container_number': 'MSCU8526019', 'containers_above': 1, 'destination': 'CEDIS GDL', ...}, ...], 'total': 129}, list)">backend/tests/test_yard_management.py:350: in test_containers_by_departure_structure
    assert isinstance(data, list), "Response should be a list"
E   AssertionError: Response should be a list
E   assert False
E    +  where False = isinstance({'containers': [{'client_name': 'Beam Suntory', 'container_number': 'CSQU0553319', 'containers_above': 3, 'destination': 'Costco Norte', ...}, {'client_name': 'Campari Group', 'container_number': 'MSKU7822070', 'containers_above': 0, 'destination': 'Walmart Centro', ...}, {'client_name': 'Pernod Ricard', 'container_number': 'CMAU2455812', 'containers_above': 0, 'destination': 'HEB Noreste', ...}, {'client_name': 'Beam Suntory', 'container_number': 'EGLV9047225', 'containers_above': 1, 'destination': 'CEDIS MTY', ...}, {'client_name': 'Brown-Forman', 'container_number': 'EGLV4522440', 'containers_above': 0, 'destination': 'Costco Norte', ...}, {'client_name': 'Brown-Forman', 'container_number': 'MSCU8526019', 'containers_above': 1, 'destination': 'CEDIS GDL', ...}, ...], 'total': 129}, list)</failure></testcase><testcase classname="backend.tests.test_yard_management.TestContainersByDeparture" name="test_containers_sorted_by_departure" time="0.009"><failure message="AttributeError: 'str' object has no attribute 'get'">backend/tests/test_yard_management.py:372: in test_containers_sorted_by_departure
    dates = [c["expected_departure"] for c in data if c.get("expected_departure")]
            ^^^^^^^^^^^^^^^^^^^^^^^^^^^^^^^^^^^^^^^^^^^^^^^^^^^^^^^^^^^^^^^^^^^^^^
backend/tests/test_yard_management.py:372: in &lt;listcomp&gt;
    dates = [c["expected_departure"] for c in data if c.get("expected_departure")]
                                                      ^^^^^
E   AttributeError: 'str' object has no attribute 'get'</failure></testcase><testcase classname="backend.tests.test_yard_management.TestYardReset" name="test_reset_yard_returns_200" time="0.007" /><testcase classname="backend.tests.test_yard_management.TestYardReset" name="test_reset_yard_regenerates_data" time="0.027" /><testcase classname="backend.tests.test_yard_management.TestAuthRequired" name="test_yard_layout_requires_auth" time="0.034" /><testcase classname="backend.tests.test_yard_management.TestAuthRequired" name="test_yard_stats_requires_auth" time="0.031" /><testcase classname="backend.tests.test_yard_management.TestAuthRequired" name="test_yard_search_requires_auth" time="0.029" /></testsuite></testsuites>